<?xml version="1.0" encoding="UTF-8"?>
<testng-results ignored="0" total="1" passed="1" failed="0" skipped="0">
  <reporter-output>
  </reporter-output>
  <suite started-at="2021-03-28T17:00:25Z" name="Surefire suite" finished-at="2021-03-28T17:00:59Z" duration-ms="33314">
    <groups>
      <group name="cucumber">
        <method signature="AbstractTestNGCucumberTests.runScenario(io.cucumber.testng.PickleWrapper, io.cucumber.testng.FeatureWrapper)[pri:0, instance:testRunner.RunnerTest@1aafa419]" name="runScenario" class="io.cucumber.testng.AbstractTestNGCucumberTests"/>
      </group> <!-- cucumber -->
    </groups>
    <test started-at="2021-03-28T17:00:25Z" name="Surefire test" finished-at="2021-03-28T17:00:59Z" duration-ms="33314">
      <class name="testRunner.RunnerTest">
        <test-method is-config="true" signature="setUpClass()[pri:0, instance:testRunner.RunnerTest@1aafa419]" started-at="2021-03-28T17:00:25Z" name="setUpClass" finished-at="2021-03-28T17:00:27Z" duration-ms="1279" status="PASS">
          <reporter-output>
          </reporter-output>
        </test-method> <!-- setUpClass -->
        <test-method signature="runScenario(io.cucumber.testng.PickleWrapper, io.cucumber.testng.FeatureWrapper)[pri:0, instance:testRunner.RunnerTest@1aafa419]" started-at="2021-03-28T17:00:27Z" name="runScenario" description="Runs Cucumber Scenarios" data-provider="scenarios" finished-at="2021-03-28T17:00:59Z" duration-ms="31849" status="PASS">
          <params>
            <param index="0">
              <value>
                <![CDATA["filter first non-featured property"]]>
              </value>
            </param>
            <param index="1">
              <value>
                <![CDATA["Optional[verify the filter works to search the properties]"]]>
              </value>
            </param>
          </params>
          <reporter-output>
          </reporter-output>
        </test-method> <!-- runScenario -->
        <test-method is-config="true" signature="tearDownClass()[pri:0, instance:testRunner.RunnerTest@1aafa419]" started-at="2021-03-28T17:00:59Z" name="tearDownClass" finished-at="2021-03-28T17:00:59Z" duration-ms="65" status="PASS">
          <reporter-output>
          </reporter-output>
        </test-method> <!-- tearDownClass -->
      </class> <!-- testRunner.RunnerTest -->
    </test> <!-- Surefire test -->
  </suite> <!-- Surefire suite -->
</testng-results>
