<?xml version="1.0" encoding="UTF-8"?>
<testng-results ignored="0" total="1" passed="1" failed="0" skipped="0">
  <reporter-output>
  </reporter-output>
  <suite started-at="2021-03-28T16:51:45Z" name="Default suite" finished-at="2021-03-28T16:52:17Z" duration-ms="32108">
    <groups>
      <group name="cucumber">
        <method signature="AbstractTestNGCucumberTests.runScenario(io.cucumber.testng.PickleWrapper, io.cucumber.testng.FeatureWrapper)[pri:0, instance:testRunner.RunnerTest@6853425f]" name="runScenario" class="io.cucumber.testng.AbstractTestNGCucumberTests"/>
      </group> <!-- cucumber -->
    </groups>
    <test started-at="2021-03-28T16:51:45Z" name="Default test" finished-at="2021-03-28T16:52:17Z" duration-ms="32108">
      <class name="testRunner.RunnerTest">
        <test-method is-config="true" signature="setUpClass()[pri:0, instance:testRunner.RunnerTest@6853425f]" started-at="2021-03-28T16:51:45Z" name="setUpClass" finished-at="2021-03-28T16:51:47Z" duration-ms="1275" status="PASS">
          <reporter-output>
          </reporter-output>
        </test-method> <!-- setUpClass -->
        <test-method signature="runScenario(io.cucumber.testng.PickleWrapper, io.cucumber.testng.FeatureWrapper)[pri:0, instance:testRunner.RunnerTest@6853425f]" started-at="2021-03-28T16:51:47Z" name="runScenario" description="Runs Cucumber Scenarios" data-provider="scenarios" finished-at="2021-03-28T16:52:17Z" duration-ms="30680" status="PASS">
          <params>
            <param index="0">
              <value>
                <![CDATA["filter first non-featured property"]]>
              </value>
            </param>
            <param index="1">
              <value>
                <![CDATA["Optional[verify the filter works to search the properties]"]]>
              </value>
            </param>
          </params>
          <reporter-output>
          </reporter-output>
        </test-method> <!-- runScenario -->
        <test-method is-config="true" signature="tearDownClass()[pri:0, instance:testRunner.RunnerTest@6853425f]" started-at="2021-03-28T16:52:17Z" name="tearDownClass" finished-at="2021-03-28T16:52:17Z" duration-ms="40" status="PASS">
          <reporter-output>
          </reporter-output>
        </test-method> <!-- tearDownClass -->
      </class> <!-- testRunner.RunnerTest -->
    </test> <!-- Default test -->
  </suite> <!-- Default suite -->
</testng-results>
